app/build/intermediates/manifest_merge_blame_file/debug/manifest-merger-blame-debug-report.txt
1<?xml version="1.0" encoding="utf-8"?>
2<manifest xmlns:android="http://schemas.android.com/apk/res/android"
3    package="com.game.catchme"
4    android:versionCode="1"
5    android:versionName="1.0" >
6
7    <uses-sdk
8        android:minSdkVersion="16"
8-->src\main\AndroidManifest.xml
9        android:targetSdkVersion="29" />
9-->src\main\AndroidManifest.xml
10
11    <uses-permission android:name="android.permission.WRITE_EXTERNAL_STORAGE" />
11-->src\main\AndroidManifest.xml:6:5-81
11-->src\main\AndroidManifest.xml:6:22-78
12    <uses-permission android:name="android.permission.VIBRATE" />
12-->src\main\AndroidManifest.xml:7:5-66
12-->src\main\AndroidManifest.xml:7:22-63
13
14    <application
14-->src\main\AndroidManifest.xml:9:5-43:19
15        android:allowBackup="true"
15-->src\main\AndroidManifest.xml:10:9-35
16        android:appComponentFactory="androidx.core.app.CoreComponentFactory"
16-->[androidx.core:core:1.4.0-alpha01] AndroidManifest.xml:24:18-86
17        android:debuggable="true"
18        android:icon="@mipmap/ic_launcher"
18-->src\main\AndroidManifest.xml:11:9-43
19        android:label="@string/app_name"
19-->src\main\AndroidManifest.xml:12:9-41
20        android:roundIcon="@mipmap/ic_launcher_round"
20-->src\main\AndroidManifest.xml:13:9-54
21        android:supportsRtl="true"
21-->src\main\AndroidManifest.xml:14:9-35
22        android:testOnly="true"
23        android:theme="@style/AppTheme" >
23-->src\main\AndroidManifest.xml:15:9-40
24        <activity
24-->src\main\AndroidManifest.xml:17:9-28:20
25            android:name="com.game.catchme.MainActivity"
25-->src\main\AndroidManifest.xml:18:13-41
26            android:label="@string/app_name"
26-->src\main\AndroidManifest.xml:19:13-45
27            android:screenOrientation="portrait"
27-->src\main\AndroidManifest.xml:20:13-49
28            android:theme="@style/AppTheme.NoActionBar" >
28-->src\main\AndroidManifest.xml:21:13-56
29            <intent-filter>
29-->src\main\AndroidManifest.xml:23:13-27:29
30                <action android:name="android.intent.action.MAIN" />
30-->src\main\AndroidManifest.xml:24:17-69
30-->src\main\AndroidManifest.xml:24:25-66
31
32                <category android:name="android.intent.category.LAUNCHER" />
32-->src\main\AndroidManifest.xml:26:17-77
32-->src\main\AndroidManifest.xml:26:27-74
33            </intent-filter>
34        </activity>
35        <activity
35-->src\main\AndroidManifest.xml:30:9-35:56
36            android:name="com.game.catchme.PlayGameActivity"
36-->src\main\AndroidManifest.xml:31:13-45
37            android:label="@string/title_activity_play_game"
37-->src\main\AndroidManifest.xml:32:13-61
38            android:screenOrientation="portrait"
38-->src\main\AndroidManifest.xml:33:13-49
39            android:theme="@style/AppTheme.NoActionBar" />
39-->src\main\AndroidManifest.xml:34:13-56
40        <activity
40-->src\main\AndroidManifest.xml:37:9-42:56
41            android:name="com.game.catchme.RestartGameActivity"
41-->src\main\AndroidManifest.xml:38:13-48
42            android:label="@string/title_activity_restart_game"
42-->src\main\AndroidManifest.xml:39:13-64
43            android:screenOrientation="portrait"
43-->src\main\AndroidManifest.xml:40:13-49
44            android:theme="@style/AppTheme.NoActionBar" />
44-->src\main\AndroidManifest.xml:41:13-56
45    </application>
46
47</manifest>